<?xml version="1.0" encoding="UTF-8"?>
<testsuite name="com.kodilla.testing.forum.statistics.ClassTests" tests="1" skipped="0" failures="0" errors="0" timestamp="2020-06-23T12:09:24" hostname="ADMIN-NTT" time="0.022">
  <properties/>
  <testcase name="test1" classname="com.kodilla.testing.forum.statistics.ClassTests" time="0.022"/>
  <system-out><![CDATA[0
0
0
NaN
NaN
NaN
]]></system-out>
  <system-err><![CDATA[]]></system-err>
</testsuite>
